<?xml version="1.0" encoding="UTF-8"?>
<testsuite name="Tets" tests="1" skipped="0" failures="0" errors="0" timestamp="2021-08-02T15:09:35" hostname="DESKTOP-C0HIV9Q" time="0.081">
  <properties/>
  <testcase name="just()" classname="Tets" time="0.081"/>
  <system-out><![CDATA[]]></system-out>
  <system-err><![CDATA[]]></system-err>
</testsuite>
